"../../../Engine/Content/EngineResources/Bad.uasset" 0
"../../../Engine/Content/EngineResources/Bad.uexp" 1
"D:/Unreal Engine (Sasha)/Projects/Little_Wizard/Content/LittleWizard/Art/Backgrounds/T_Map.uasset" 2
"D:/Unreal Engine (Sasha)/Projects/Little_Wizard/Content/LittleWizard/Art/Backgrounds/T_Map.uexp" 3
"D:/Unreal Engine (Sasha)/Projects/Little_Wizard/Content/LittleWizard/Art/Backgrounds/T_Letter.uasset" 4
"D:/Unreal Engine (Sasha)/Projects/Little_Wizard/Content/LittleWizard/Art/Backgrounds/T_Letter.uexp" 5
"D:/Unreal Engine (Sasha)/Projects/Little_Wizard/Content/LittleWizard/Core/UI/Locations/Cabinet/WBP_Orders.uasset" 6
"D:/Unreal Engine (Sasha)/Projects/Little_Wizard/Content/LittleWizard/Core/UI/Locations/Cabinet/WBP_Orders.uexp" 7
"D:/Unreal Engine (Sasha)/Projects/Little_Wizard/Content/LittleWizard/Core/UI/Locations/Cabinet/WBP_Handbook.uasset" 8
"D:/Unreal Engine (Sasha)/Projects/Little_Wizard/Content/LittleWizard/Core/UI/Locations/Cabinet/WBP_Handbook.uexp" 9
"D:/Unreal Engine (Sasha)/Projects/Little_Wizard/Content/LittleWizard/Core/UI/Locations/WBP_Map.uasset" 10
"D:/Unreal Engine (Sasha)/Projects/Little_Wizard/Content/LittleWizard/Core/UI/Locations/WBP_Map.uexp" 11
"D:/Unreal Engine (Sasha)/Projects/Little_Wizard/Content/LittleWizard/Art/Backgrounds/T_Cabinet.uasset" 12
"D:/Unreal Engine (Sasha)/Projects/Little_Wizard/Content/LittleWizard/Art/Backgrounds/T_Cabinet.uexp" 13
"D:/Unreal Engine (Sasha)/Projects/Little_Wizard/Content/LittleWizard/Core/UI/Locations/Cabinet/WBP_Cabinet.uasset" 14
"D:/Unreal Engine (Sasha)/Projects/Little_Wizard/Content/LittleWizard/Core/UI/Locations/Cabinet/WBP_Cabinet.uexp" 15
"D:/Unreal Engine (Sasha)/Projects/Little_Wizard/Content/LittleWizard/Core/UI/Locations/Cabinet/WBP_Craft.uasset" 16
"D:/Unreal Engine (Sasha)/Projects/Little_Wizard/Content/LittleWizard/Core/UI/Locations/Cabinet/WBP_Craft.uexp" 17
"D:/Unreal Engine (Sasha)/Projects/Little_Wizard/Content/LittleWizard/Core/UI/WBP_HUD.uasset" 18
"D:/Unreal Engine (Sasha)/Projects/Little_Wizard/Content/LittleWizard/Core/UI/WBP_HUD.uexp" 19
"D:/Unreal Engine (Sasha)/Projects/Little_Wizard/Content/LittleWizard/Core/BP_MainHUD.uasset" 20
"D:/Unreal Engine (Sasha)/Projects/Little_Wizard/Content/LittleWizard/Core/BP_MainHUD.uexp" 21
"D:/Unreal Engine (Sasha)/Projects/Little_Wizard/Content/LittleWizard/Core/BP_MainGameMode.uasset" 22
"D:/Unreal Engine (Sasha)/Projects/Little_Wizard/Content/LittleWizard/Core/BP_MainGameMode.uexp" 23
"../../../Engine/Content/EngineMaterials/T_Default_Material_Grid_N.uasset" 24
"../../../Engine/Content/EngineMaterials/T_Default_Material_Grid_N.uexp" 25
"../../../Engine/Content/EngineMaterials/T_Default_Material_Grid_N.ubulk" 26
"../../../Engine/Content/EngineMaterials/T_Default_Material_Grid_M.uasset" 27
"../../../Engine/Content/EngineMaterials/T_Default_Material_Grid_M.uexp" 28
"../../../Engine/Content/EngineMaterials/T_Default_Material_Grid_M.ubulk" 29
"../../../Engine/Content/Functions/Engine_MaterialFunctions01/Opacity/CameraDepthFade.uasset" 30
"../../../Engine/Content/Functions/Engine_MaterialFunctions01/Opacity/CameraDepthFade.uexp" 31
"../../../Engine/Content/EngineMaterials/WorldGridMaterial.uasset" 32
"../../../Engine/Content/EngineMaterials/WorldGridMaterial.uexp" 33
"../../../Engine/Content/ArtTools/RenderToTexture/Meshes/S_1_Unit_Plane.uasset" 34
"../../../Engine/Content/ArtTools/RenderToTexture/Meshes/S_1_Unit_Plane.uexp" 35
"../../../Engine/Content/EngineMaterials/DefaultMaterial.uasset" 36
"../../../Engine/Content/EngineMaterials/DefaultMaterial.uexp" 37
"../../../Engine/Content/BasicShapes/Cone.uasset" 38
"../../../Engine/Content/BasicShapes/Cone.uexp" 39
"../../../Engine/Content/BasicShapes/Cube.uasset" 40
"../../../Engine/Content/BasicShapes/Cube.uexp" 41
"../../../Engine/Content/BasicShapes/Plane.uasset" 42
"../../../Engine/Content/BasicShapes/Plane.uexp" 43
"../../../Engine/Content/BasicShapes/Sphere.uasset" 44
"../../../Engine/Content/BasicShapes/Sphere.uexp" 45
"../../../Engine/Content/EngineDamageTypes/DmgTypeBP_Environmental.uasset" 46
"../../../Engine/Content/EngineDamageTypes/DmgTypeBP_Environmental.uexp" 47
"../../../Engine/Content/EngineDebugMaterials/DebugEditorMaterial.uasset" 48
"../../../Engine/Content/EngineDebugMaterials/DebugEditorMaterial.uexp" 49
"../../../Engine/Content/EngineDebugMaterials/DebugMeshMaterial.uasset" 50
"../../../Engine/Content/EngineDebugMaterials/DebugMeshMaterial.uexp" 51
"../../../Engine/Content/EngineDebugMaterials/M_SimpleUnlitTranslucent.uasset" 52
"../../../Engine/Content/EngineDebugMaterials/M_SimpleUnlitTranslucent.uexp" 53
"../../../Engine/Content/EngineDebugMaterials/VolumeToRender.uasset" 54
"../../../Engine/Content/EngineDebugMaterials/VolumeToRender.uexp" 55
"../../../Engine/Content/Functions/Engine_MaterialFunctions02/Utility/CameraDirectionVector.uasset" 56
"../../../Engine/Content/Functions/Engine_MaterialFunctions02/Utility/CameraDirectionVector.uexp" 57
"../../../Engine/Content/EngineDebugMaterials/M_VolumeRenderSphereTracePP.uasset" 58
"../../../Engine/Content/EngineDebugMaterials/M_VolumeRenderSphereTracePP.uexp" 59
"../../../Engine/Content/Functions/Engine_MaterialFunctions01/Shading/ConvertFromDiffSpec.uasset" 60
"../../../Engine/Content/Functions/Engine_MaterialFunctions01/Shading/ConvertFromDiffSpec.uexp" 61
"../../../Engine/Content/EngineDebugMaterials/VertexColorMaterial.uasset" 62
"../../../Engine/Content/EngineDebugMaterials/VertexColorMaterial.uexp" 63
"../../../Engine/Content/EngineDebugMaterials/WireframeMaterial.uasset" 64
"../../../Engine/Content/EngineDebugMaterials/WireframeMaterial.uexp" 65
"../../../Engine/Content/EngineFonts/Faces/RobotoRegular.uasset" 66
"../../../Engine/Content/EngineFonts/Faces/RobotoRegular.uexp" 67
"../../../Engine/Content/EngineFonts/Faces/RobotoRegular.ufont" 68
"../../../Engine/Content/EngineFonts/Faces/RobotoLight.uasset" 69
"../../../Engine/Content/EngineFonts/Faces/RobotoLight.uexp" 70
"../../../Engine/Content/EngineFonts/Faces/RobotoLight.ufont" 71
"../../../Engine/Content/EngineFonts/Faces/RobotoItalic.uasset" 72
"../../../Engine/Content/EngineFonts/Faces/RobotoItalic.uexp" 73
"../../../Engine/Content/EngineFonts/Faces/RobotoItalic.ufont" 74
"../../../Engine/Content/EngineFonts/Faces/RobotoBoldItalic.uasset" 75
"../../../Engine/Content/EngineFonts/Faces/RobotoBoldItalic.uexp" 76
"../../../Engine/Content/EngineFonts/Faces/RobotoBoldItalic.ufont" 77
"../../../Engine/Content/EngineFonts/Faces/RobotoBold.uasset" 78
"../../../Engine/Content/EngineFonts/Faces/RobotoBold.uexp" 79
"../../../Engine/Content/EngineFonts/Faces/RobotoBold.ufont" 80
"../../../Engine/Content/EngineFonts/Faces/DroidSansFallback.uasset" 81
"../../../Engine/Content/EngineFonts/Faces/DroidSansFallback.uexp" 82
"../../../Engine/Content/EngineFonts/Faces/DroidSansFallback.ufont" 83
"../../../Engine/Content/EngineFonts/Roboto.uasset" 84
"../../../Engine/Content/EngineFonts/Roboto.uexp" 85
"../../../Engine/Content/EngineMaterials/BaseFlattenNormalMap.uasset" 86
"../../../Engine/Content/EngineMaterials/BaseFlattenNormalMap.uexp" 87
"../../../Engine/Content/EngineMaterials/BaseFlattenGrayscaleMap.uasset" 88
"../../../Engine/Content/EngineMaterials/BaseFlattenGrayscaleMap.uexp" 89
"../../../Engine/Content/EngineMaterials/BaseFlattenEmissiveMap.uasset" 90
"../../../Engine/Content/EngineMaterials/BaseFlattenEmissiveMap.uexp" 91
"../../../Engine/Content/EngineMaterials/BaseFlattenDiffuseMap.uasset" 92
"../../../Engine/Content/EngineMaterials/BaseFlattenDiffuseMap.uexp" 93
"../../../Engine/Content/EngineMaterials/BaseFlattenMaterial.uasset" 94
"../../../Engine/Content/EngineMaterials/BaseFlattenMaterial.uexp" 95
"../../../Engine/Content/EngineMaterials/BlueNoise.uasset" 96
"../../../Engine/Content/EngineMaterials/BlueNoise.uexp" 97
"../../../Engine/Content/EngineMaterials/DefaultBloomKernel.uasset" 98
"../../../Engine/Content/EngineMaterials/DefaultBloomKernel.uexp" 99
"../../../Engine/Content/EngineMaterials/DefaultBokeh.uasset" 100
"../../../Engine/Content/EngineMaterials/DefaultBokeh.uexp" 101
"../../../Engine/Content/EngineMaterials/DefaultDiffuse.uasset" 102
"../../../Engine/Content/EngineMaterials/DefaultDiffuse.uexp" 103
"../../../Engine/Content/EngineMaterials/DefaultDiffuse.ubulk" 104
"../../../Engine/Content/EngineMaterials/DefaultDeferredDecalMaterial.uasset" 105
"../../../Engine/Content/EngineMaterials/DefaultDeferredDecalMaterial.uexp" 106
"../../../Engine/Content/EngineMaterials/DefaultLightFunctionMaterial.uasset" 107
"../../../Engine/Content/EngineMaterials/DefaultLightFunctionMaterial.uexp" 108
"../../../Engine/Content/EngineMaterials/DefaultPhysicalMaterial.uasset" 109
"../../../Engine/Content/EngineMaterials/DefaultPhysicalMaterial.uexp" 110
"../../../Engine/Content/Functions/Engine_MaterialFunctions02/Utility/BreakOutFloat2Components.uasset" 111
"../../../Engine/Content/Functions/Engine_MaterialFunctions02/Utility/BreakOutFloat2Components.uexp" 112
"../../../Engine/Content/EngineMaterials/DefaultPostProcessMaterial.uasset" 113
"../../../Engine/Content/EngineMaterials/DefaultPostProcessMaterial.uexp" 114
"../../../Engine/Content/EngineFonts/RobotoDistanceField.uasset" 115
"../../../Engine/Content/EngineFonts/RobotoDistanceField.uexp" 116
"../../../Engine/Content/EngineMaterials/DefaultTextMaterialOpaque.uasset" 117
"../../../Engine/Content/EngineMaterials/DefaultTextMaterialOpaque.uexp" 118
"../../../Engine/Content/EngineMaterials/DefaultWhiteGrid.uasset" 119
"../../../Engine/Content/EngineMaterials/DefaultWhiteGrid.uexp" 120
"../../../Engine/Content/EngineMaterials/DefaultWhiteGrid.ubulk" 121
"../../../Engine/Content/EngineMaterials/DefaultWhiteGrid_Low.uasset" 122
"../../../Engine/Content/EngineMaterials/DefaultWhiteGrid_Low.uexp" 123
"../../../Engine/Content/EngineMaterials/EmissiveMeshMaterial.uasset" 124
"../../../Engine/Content/EngineMaterials/EmissiveMeshMaterial.uexp" 125
"../../../Engine/Content/EngineMaterials/GizmoMaterial.uasset" 126
"../../../Engine/Content/EngineMaterials/GizmoMaterial.uexp" 127
"../../../Engine/Content/EngineMaterials/Good64x64TilingNoiseHighFreq.uasset" 128
"../../../Engine/Content/EngineMaterials/Good64x64TilingNoiseHighFreq.uexp" 129
"../../../Engine/Content/EngineMaterials/MiniFont.uasset" 130
"../../../Engine/Content/EngineMaterials/MiniFont.uexp" 131
"../../../Engine/Content/EngineMaterials/InvalidLightmapSettings.uasset" 132
"../../../Engine/Content/EngineMaterials/InvalidLightmapSettings.uexp" 133
"../../../Engine/Content/EngineMaterials/InvalidLightmapSettings.ubulk" 134
"../../../Engine/Content/EngineMaterials/M_InvalidLightmapSettings.uasset" 135
"../../../Engine/Content/EngineMaterials/M_InvalidLightmapSettings.uexp" 136
"../../../Engine/Content/Functions/Engine_MaterialFunctions02/WorldPositionOffset/CameraOffset.uasset" 137
"../../../Engine/Content/Functions/Engine_MaterialFunctions02/WorldPositionOffset/CameraOffset.uexp" 138
"../../../Engine/Content/EngineMaterials/PhAT_JointLimitMaterial.uasset" 139
"../../../Engine/Content/EngineMaterials/PhAT_JointLimitMaterial.uexp" 140
"../../../Engine/Content/EngineMaterials/DefaultCalibrationColor.uasset" 141
"../../../Engine/Content/EngineMaterials/DefaultCalibrationColor.uexp" 142
"../../../Engine/Content/EngineMaterials/PPM_DefaultCalibrationColor.uasset" 143
"../../../Engine/Content/EngineMaterials/PPM_DefaultCalibrationColor.uexp" 144
"../../../Engine/Content/EngineMaterials/DefaultCalibrationGrayscale.uasset" 145
"../../../Engine/Content/EngineMaterials/DefaultCalibrationGrayscale.uexp" 146
"../../../Engine/Content/EngineMaterials/PPM_DefaultCalibrationGrayscale.uasset" 147
"../../../Engine/Content/EngineMaterials/PPM_DefaultCalibrationGrayscale.uexp" 148
"../../../Engine/Content/EngineMaterials/PreintegratedSkinBRDF.uasset" 149
"../../../Engine/Content/EngineMaterials/PreintegratedSkinBRDF.uexp" 150
"../../../Engine/Content/EngineMaterials/RemoveSurfaceMaterial.uasset" 151
"../../../Engine/Content/EngineMaterials/RemoveSurfaceMaterial.uexp" 152
"../../../Engine/Content/EngineMaterials/WeightMapPlaceholderTexture.uasset" 153
"../../../Engine/Content/EngineMaterials/WeightMapPlaceholderTexture.uexp" 154
"../../../Engine/Content/EngineResources/WhiteSquareTexture.uasset" 155
"../../../Engine/Content/EngineResources/WhiteSquareTexture.uexp" 156
"../../../Engine/Content/EngineMaterials/Widget3DPassThrough.uasset" 157
"../../../Engine/Content/EngineMaterials/Widget3DPassThrough.uexp" 158
"../../../Engine/Content/EngineMaterials/Widget3DPassThrough_Masked.uasset" 159
"../../../Engine/Content/EngineMaterials/Widget3DPassThrough_Masked.uexp" 160
"../../../Engine/Content/EngineMaterials/Widget3DPassThrough_Opaque.uasset" 161
"../../../Engine/Content/EngineMaterials/Widget3DPassThrough_Opaque.uexp" 162
"../../../Engine/Content/EngineMaterials/Widget3DPassThrough_Masked_OneSided.uasset" 163
"../../../Engine/Content/EngineMaterials/Widget3DPassThrough_Masked_OneSided.uexp" 164
"../../../Engine/Content/EngineMaterials/Widget3DPassThrough_Opaque_OneSided.uasset" 165
"../../../Engine/Content/EngineMaterials/Widget3DPassThrough_Opaque_OneSided.uexp" 166
"../../../Engine/Content/EngineMaterials/Widget3DPassThrough_Translucent.uasset" 167
"../../../Engine/Content/EngineMaterials/Widget3DPassThrough_Translucent.uexp" 168
"../../../Engine/Content/EngineMaterials/Widget3DPassThrough_Translucent_OneSided.uasset" 169
"../../../Engine/Content/EngineMaterials/Widget3DPassThrough_Translucent_OneSided.uexp" 170
"../../../Engine/Content/EngineMeshes/Cylinder.uasset" 171
"../../../Engine/Content/EngineMeshes/Cylinder.uexp" 172
"../../../Engine/Content/EngineMeshes/Sphere.uasset" 173
"../../../Engine/Content/EngineMeshes/Sphere.uexp" 174
"../../../Engine/Content/EngineResources/DefaultTexture.uasset" 175
"../../../Engine/Content/EngineResources/DefaultTexture.uexp" 176
"../../../Engine/Content/EngineResources/DefaultTexture.ubulk" 177
"../../../Engine/Content/EngineResources/DefaultTextureCube.uasset" 178
"../../../Engine/Content/EngineResources/DefaultTextureCube.uexp" 179
"../../../Engine/Content/EngineResources/DefaultVolumeTexture2D.uasset" 180
"../../../Engine/Content/EngineResources/DefaultVolumeTexture2D.uexp" 181
"../../../Engine/Content/EngineResources/DefaultVolumeTexture.uasset" 182
"../../../Engine/Content/EngineResources/DefaultVolumeTexture.uexp" 183
"../../../Engine/Content/EngineResources/GradientTexture0.uasset" 184
"../../../Engine/Content/EngineResources/GradientTexture0.uexp" 185
"../../../Engine/Content/EngineSky/VolumetricClouds/T_NoiseShape64.uasset" 186
"../../../Engine/Content/EngineSky/VolumetricClouds/T_NoiseShape64.uexp" 187
"../../../Engine/Content/EngineSky/VolumetricClouds/T_NoiseShape64.ubulk" 188
"../../../Engine/Content/EngineSky/VolumetricClouds/T_VolumeNoiseShape64.uasset" 189
"../../../Engine/Content/EngineSky/VolumetricClouds/T_VolumeNoiseShape64.uexp" 190
"../../../Engine/Content/EngineSky/VolumetricClouds/T_NoiseErosion.uasset" 191
"../../../Engine/Content/EngineSky/VolumetricClouds/T_NoiseErosion.uexp" 192
"../../../Engine/Content/EngineSky/VolumetricClouds/T_NoiseErosion.ubulk" 193
"../../../Engine/Content/EngineSky/VolumetricClouds/T_VolumeNoiseErosion32.uasset" 194
"../../../Engine/Content/EngineSky/VolumetricClouds/T_VolumeNoiseErosion32.uexp" 195
"../../../Engine/Content/EngineSky/VolumetricClouds/CloudWeatherTexture.uasset" 196
"../../../Engine/Content/EngineSky/VolumetricClouds/CloudWeatherTexture.uexp" 197
"../../../Engine/Content/EngineSky/VolumetricClouds/CloudGradientTexture.uasset" 198
"../../../Engine/Content/EngineSky/VolumetricClouds/CloudGradientTexture.uexp" 199
"../../../Engine/Content/Functions/Engine_MaterialFunctions02/Utility/MakeFloat2.uasset" 200
"../../../Engine/Content/Functions/Engine_MaterialFunctions02/Utility/MakeFloat2.uexp" 201
"../../../Engine/Content/EngineSky/VolumetricClouds/m_SimpleVolumetricCloud.uasset" 202
"../../../Engine/Content/EngineSky/VolumetricClouds/m_SimpleVolumetricCloud.uexp" 203
"../../../Engine/Content/EngineSky/VolumetricClouds/m_SimpleVolumetricCloud_Inst.uasset" 204
"../../../Engine/Content/EngineSky/VolumetricClouds/m_SimpleVolumetricCloud_Inst.uexp" 205
"../../../Engine/Content/EngineSounds/Master.uasset" 206
"../../../Engine/Content/EngineSounds/Master.uexp" 207
"../../../Engine/Content/Functions/Engine_MaterialFunctions01/Shading/PowerToRoughness.uasset" 208
"../../../Engine/Content/Functions/Engine_MaterialFunctions01/Shading/PowerToRoughness.uexp" 209
"../../../Engine/Content/Maps/Templates/Thumbnails/Default.uasset" 210
"../../../Engine/Content/Maps/Templates/Thumbnails/Default.uexp" 211
"../../../Engine/Content/Maps/Templates/Thumbnails/TimeOfDay.uasset" 212
"../../../Engine/Content/Maps/Templates/Thumbnails/TimeOfDay.uexp" 213
"../../../Engine/Content/Maps/Templates/Thumbnails/VR-Basic.uasset" 214
"../../../Engine/Content/Maps/Templates/Thumbnails/VR-Basic.uexp" 215
"../../../Engine/Content/MobileResources/T_MobileControls_texture.uasset" 216
"../../../Engine/Content/MobileResources/T_MobileControls_texture.uexp" 217
"../../../Engine/Content/MobileResources/T_MobileMenu2.uasset" 218
"../../../Engine/Content/MobileResources/T_MobileMenu2.uexp" 219
"../../../Engine/Content/MobileResources/HUD/AnalogHat.uasset" 220
"../../../Engine/Content/MobileResources/HUD/AnalogHat.uexp" 221
"../../../Engine/Content/MobileResources/HUD/VirtualJoystick_Thumb.uasset" 222
"../../../Engine/Content/MobileResources/HUD/VirtualJoystick_Thumb.uexp" 223
"../../../Engine/Content/MobileResources/HUD/VirtualJoystick_Background.uasset" 224
"../../../Engine/Content/MobileResources/HUD/VirtualJoystick_Background.uexp" 225
"../../../Engine/Content/MobileResources/HUD/DefaultVirtualJoysticks.uasset" 226
"../../../Engine/Content/MobileResources/HUD/DefaultVirtualJoysticks.uexp" 227
"../../../Engine/Content/MobileResources/HUD/LeftVirtualJoystickOnly.uasset" 228
"../../../Engine/Content/MobileResources/HUD/LeftVirtualJoystickOnly.uexp" 229
"../../../Engine/Content/MobileResources/HUD/MobileHUDButton1_off.uasset" 230
"../../../Engine/Content/MobileResources/HUD/MobileHUDButton1_off.uexp" 231
"../../../Engine/Content/MobileResources/HUD/MobileHUDButton1_on.uasset" 232
"../../../Engine/Content/MobileResources/HUD/MobileHUDButton1_on.uexp" 233
"../../../Engine/Content/MobileResources/HUD/MobileHUDButton2_off.uasset" 234
"../../../Engine/Content/MobileResources/HUD/MobileHUDButton2_off.uexp" 235
"../../../Engine/Content/MobileResources/HUD/MobileHUDButton2_on.uasset" 236
"../../../Engine/Content/MobileResources/HUD/MobileHUDButton2_on.uexp" 237
"../../../Engine/Content/MobileResources/HUD/MobileHUDButton3.uasset" 238
"../../../Engine/Content/MobileResources/HUD/MobileHUDButton3.uexp" 239
"../../../Engine/Content/MobileResources/HUD/MobileHUDButtonFire.uasset" 240
"../../../Engine/Content/MobileResources/HUD/MobileHUDButtonFire.uexp" 241
"../../../Engine/Content/MobileResources/HUD/MobileHUDDirectionPad.uasset" 242
"../../../Engine/Content/MobileResources/HUD/MobileHUDDirectionPad.uexp" 243
"../../../Engine/Content/MobileResources/HUD/MobileHUDDirectionPad2.uasset" 244
"../../../Engine/Content/MobileResources/HUD/MobileHUDDirectionPad2.uexp" 245
"../../../Engine/Content/MobileResources/HUD/MobileHUDDirectionPad3.uasset" 246
"../../../Engine/Content/MobileResources/HUD/MobileHUDDirectionPad3.uexp" 247
"../../../Engine/Content/MobileResources/HUD/MobileHUDDirectionStick.uasset" 248
"../../../Engine/Content/MobileResources/HUD/MobileHUDDirectionStick.uexp" 249
"../../../Engine/Content/MobileResources/HUD/T_Castle_ThumbstickInner.uasset" 250
"../../../Engine/Content/MobileResources/HUD/T_Castle_ThumbstickInner.uexp" 251
"../../../Engine/Content/MobileResources/HUD/T_Castle_ThumbstickOutter.uasset" 252
"../../../Engine/Content/MobileResources/HUD/T_Castle_ThumbstickOutter.uexp" 253
"../../../Engine/Content/Tutorial/ContentIntroCurve.uasset" 254
"../../../Engine/Content/Tutorial/ContentIntroCurve.uexp" 255
"../../../Engine/Content/Tutorial/Basics/TutorialAssets/icon_tab_Levels_40x.uasset" 256
"../../../Engine/Content/Tutorial/Basics/TutorialAssets/icon_tab_Levels_40x.uexp" 257
"../../../Engine/Content/Tutorial/BlueprintTutorials/TutorialAssets/Blueprint_64x.uasset" 258
"../../../Engine/Content/Tutorial/BlueprintTutorials/TutorialAssets/Blueprint_64x.uexp" 259
"../../../Engine/Plugins/2D/Paper2D/Content/PlaceholderTextures/DummySpriteTexture.uasset" 260
"../../../Engine/Plugins/2D/Paper2D/Content/PlaceholderTextures/DummySpriteTexture.uexp" 261
"../../../Engine/Plugins/2D/Paper2D/Content/PlaceholderTextures/DummySpriteTexture.ubulk" 262
"../../../Engine/Plugins/2D/Paper2D/Content/DummySprite.uasset" 263
"../../../Engine/Plugins/2D/Paper2D/Content/DummySprite.uexp" 264
"../../../Engine/Plugins/2D/Paper2D/Content/DefaultPaperTerrainMaterial.uasset" 265
"../../../Engine/Plugins/2D/Paper2D/Content/DefaultPaperTerrainMaterial.uexp" 266
"../../../Engine/Plugins/2D/Paper2D/Content/DefaultSpriteMaterial.uasset" 267
"../../../Engine/Plugins/2D/Paper2D/Content/DefaultSpriteMaterial.uexp" 268
"../../../Engine/Plugins/2D/Paper2D/Content/MaskedUnlitSpriteMaterial.uasset" 269
"../../../Engine/Plugins/2D/Paper2D/Content/MaskedUnlitSpriteMaterial.uexp" 270
"../../../Engine/Plugins/2D/Paper2D/Content/OpaqueUnlitSpriteMaterial.uasset" 271
"../../../Engine/Plugins/2D/Paper2D/Content/OpaqueUnlitSpriteMaterial.uexp" 272
"../../../Engine/Content/Functions/Engine_MaterialFunctions02/Utility/BreakOutFloat3Components.uasset" 273
"../../../Engine/Content/Functions/Engine_MaterialFunctions02/Utility/BreakOutFloat3Components.uexp" 274
"../../../Engine/Plugins/Editor/SpeedTreeImporter/Content/SpeedTree9/UnpackInteger3.uasset" 275
"../../../Engine/Plugins/Editor/SpeedTreeImporter/Content/SpeedTree9/UnpackInteger3.uexp" 276
"../../../Engine/Plugins/Editor/SpeedTreeImporter/Content/SpeedTree9/UnpackDirection.uasset" 277
"../../../Engine/Plugins/Editor/SpeedTreeImporter/Content/SpeedTree9/UnpackDirection.uexp" 278
"../../../Engine/Plugins/Editor/SpeedTreeImporter/Content/SpeedTree9/game_wind_noise.uasset" 279
"../../../Engine/Plugins/Editor/SpeedTreeImporter/Content/SpeedTree9/game_wind_noise.uexp" 280
"../../../Engine/Plugins/Editor/SpeedTreeImporter/Content/SpeedTree9/game_wind_noise.ubulk" 281
"../../../Engine/Content/Functions/Engine_MaterialFunctions02/SafeNormalize.uasset" 282
"../../../Engine/Content/Functions/Engine_MaterialFunctions02/SafeNormalize.uexp" 283
"../../../Engine/Plugins/Editor/SpeedTreeImporter/Content/SpeedTree9/SpeedTreeWindMotion.uasset" 284
"../../../Engine/Plugins/Editor/SpeedTreeImporter/Content/SpeedTree9/SpeedTreeWindMotion.uexp" 285
"../../../Engine/Plugins/Editor/SpeedTreeImporter/Content/SpeedTree9/SpeedTreeBranchMotion.uasset" 286
"../../../Engine/Plugins/Editor/SpeedTreeImporter/Content/SpeedTree9/SpeedTreeBranchMotion.uexp" 287
"../../../Engine/Content/Functions/Engine_MaterialFunctions02/ObjectLocalBounds.uasset" 288
"../../../Engine/Content/Functions/Engine_MaterialFunctions02/ObjectLocalBounds.uexp" 289
"../../../Engine/Content/Functions/Engine_MaterialFunctions02/UVs/BoundingBoxBased_0-1_UVW.uasset" 290
"../../../Engine/Content/Functions/Engine_MaterialFunctions02/UVs/BoundingBoxBased_0-1_UVW.uexp" 291
"../../../Engine/Content/Functions/Engine_MaterialFunctions02/Utility/VectorLength.uasset" 292
"../../../Engine/Content/Functions/Engine_MaterialFunctions02/Utility/VectorLength.uexp" 293
"../../../Engine/Content/Functions/Engine_MaterialFunctions02/WorldPositionOffset/ObjectScale.uasset" 294
"../../../Engine/Content/Functions/Engine_MaterialFunctions02/WorldPositionOffset/ObjectScale.uexp" 295
"../../../Engine/Plugins/Editor/SpeedTreeImporter/Content/SpeedTree9/SpeedTreeWind.uasset" 296
"../../../Engine/Plugins/Editor/SpeedTreeImporter/Content/SpeedTree9/SpeedTreeWind.uexp" 297
"../../../Engine/Plugins/Editor/SpeedTreeImporter/Content/SpeedTree9/SpeedTreeBillboard.uasset" 298
"../../../Engine/Plugins/Editor/SpeedTreeImporter/Content/SpeedTree9/SpeedTreeBillboard.uexp" 299
"../../../Engine/Plugins/Editor/SpeedTreeImporter/Content/SpeedTree9/EmptyNormal.uasset" 300
"../../../Engine/Plugins/Editor/SpeedTreeImporter/Content/SpeedTree9/EmptyNormal.uexp" 301
"../../../Engine/Plugins/Editor/SpeedTreeImporter/Content/SpeedTree9/Empty.uasset" 302
"../../../Engine/Plugins/Editor/SpeedTreeImporter/Content/SpeedTree9/Empty.uexp" 303
"../../../Engine/Plugins/Editor/SpeedTreeImporter/Content/SpeedTree9/SpeedTreeBillboardMaster.uasset" 304
"../../../Engine/Plugins/Editor/SpeedTreeImporter/Content/SpeedTree9/SpeedTreeBillboardMaster.uexp" 305
"../../../Engine/Plugins/Editor/SpeedTreeImporter/Content/SpeedTree9/SpeedTreeCameraFacing.uasset" 306
"../../../Engine/Plugins/Editor/SpeedTreeImporter/Content/SpeedTree9/SpeedTreeCameraFacing.uexp" 307
"../../../Engine/Plugins/Editor/SpeedTreeImporter/Content/SpeedTree9/SpeedTreeMaster.uasset" 308
"../../../Engine/Plugins/Editor/SpeedTreeImporter/Content/SpeedTree9/SpeedTreeMaster.uexp" 309
"../../../Engine/Content/BasicShapes/Cylinder.uasset" 310
"../../../Engine/Content/BasicShapes/Cylinder.uexp" 311
"../../../Engine/Content/ArtTools/RenderToTexture/Materials/Debug/M_Emissive_Color.uasset" 312
"../../../Engine/Content/ArtTools/RenderToTexture/Materials/Debug/M_Emissive_Color.uexp" 313
"../../../Engine/Plugins/Lumin/MagicLeapPassableWorld/Content/MagicLeapARPinInfoActor.uasset" 314
"../../../Engine/Plugins/Lumin/MagicLeapPassableWorld/Content/MagicLeapARPinInfoActor.uexp" 315
"../../../Engine/Plugins/Runtime/OpenXR/Content/Devices/GoogleDaydream/MRTexture.uasset" 316
"../../../Engine/Plugins/Runtime/OpenXR/Content/Devices/GoogleDaydream/MRTexture.uexp" 317
"../../../Engine/Plugins/Runtime/OpenXR/Content/Devices/GoogleDaydream/MRTexture.ubulk" 318
"../../../Engine/Plugins/Runtime/OpenXR/Content/Devices/GoogleDaydream/BaseTexture.uasset" 319
"../../../Engine/Plugins/Runtime/OpenXR/Content/Devices/GoogleDaydream/BaseTexture.uexp" 320
"../../../Engine/Plugins/Runtime/OpenXR/Content/Devices/GoogleDaydream/BaseTexture.ubulk" 321
"../../../Engine/Content/EngineResources/Black.uasset" 322
"../../../Engine/Content/EngineResources/Black.uexp" 323
"../../../Engine/Plugins/Runtime/OpenXR/Content/Devices/M_XRController.uasset" 324
"../../../Engine/Plugins/Runtime/OpenXR/Content/Devices/M_XRController.uexp" 325
"../../../Engine/Plugins/Runtime/OpenXR/Content/Devices/GoogleDaydream/MI_GoogleDaydream.uasset" 326
"../../../Engine/Plugins/Runtime/OpenXR/Content/Devices/GoogleDaydream/MI_GoogleDaydream.uexp" 327
"../../../Engine/Plugins/Runtime/OpenXR/Content/Devices/GoogleDaydream/GoogleDaydreamController.uasset" 328
"../../../Engine/Plugins/Runtime/OpenXR/Content/Devices/GoogleDaydream/GoogleDaydreamController.uexp" 329
"../../../Engine/Plugins/Runtime/OpenXR/Content/Devices/HTCVive/BaseTexture.uasset" 330
"../../../Engine/Plugins/Runtime/OpenXR/Content/Devices/HTCVive/BaseTexture.uexp" 331
"../../../Engine/Plugins/Runtime/OpenXR/Content/Devices/HTCVive/BaseTexture.ubulk" 332
"../../../Engine/Plugins/Runtime/OpenXR/Content/Devices/HTCVive/MI_HTCVive.uasset" 333
"../../../Engine/Plugins/Runtime/OpenXR/Content/Devices/HTCVive/MI_HTCVive.uexp" 334
"../../../Engine/Plugins/Runtime/OpenXR/Content/Devices/HTCVive/HTCViveController.uasset" 335
"../../../Engine/Plugins/Runtime/OpenXR/Content/Devices/HTCVive/HTCViveController.uexp" 336
"../../../Engine/Plugins/Runtime/OpenXR/Content/Devices/MicrosoftMixedReality/NormalTexture.uasset" 337
"../../../Engine/Plugins/Runtime/OpenXR/Content/Devices/MicrosoftMixedReality/NormalTexture.uexp" 338
"../../../Engine/Plugins/Runtime/OpenXR/Content/Devices/MicrosoftMixedReality/NormalTexture.ubulk" 339
"../../../Engine/Plugins/Runtime/OpenXR/Content/Devices/MicrosoftMixedReality/MRTexture.uasset" 340
"../../../Engine/Plugins/Runtime/OpenXR/Content/Devices/MicrosoftMixedReality/MRTexture.uexp" 341
"../../../Engine/Plugins/Runtime/OpenXR/Content/Devices/MicrosoftMixedReality/MRTexture.ubulk" 342
"../../../Engine/Plugins/Runtime/OpenXR/Content/Devices/MicrosoftMixedReality/EmissiveTexture.uasset" 343
"../../../Engine/Plugins/Runtime/OpenXR/Content/Devices/MicrosoftMixedReality/EmissiveTexture.uexp" 344
"../../../Engine/Plugins/Runtime/OpenXR/Content/Devices/MicrosoftMixedReality/EmissiveTexture.ubulk" 345
"../../../Engine/Plugins/Runtime/OpenXR/Content/Devices/MicrosoftMixedReality/BaseTexture.uasset" 346
"../../../Engine/Plugins/Runtime/OpenXR/Content/Devices/MicrosoftMixedReality/BaseTexture.uexp" 347
"../../../Engine/Plugins/Runtime/OpenXR/Content/Devices/MicrosoftMixedReality/BaseTexture.ubulk" 348
"../../../Engine/Plugins/Runtime/OpenXR/Content/Devices/MicrosoftMixedReality/MI_MicrosoftMixedReality.uasset" 349
"../../../Engine/Plugins/Runtime/OpenXR/Content/Devices/MicrosoftMixedReality/MI_MicrosoftMixedReality.uexp" 350
"../../../Engine/Plugins/Runtime/OpenXR/Content/Devices/MicrosoftMixedReality/Left/left_MicrosoftMixedRealityController.uasset" 351
"../../../Engine/Plugins/Runtime/OpenXR/Content/Devices/MicrosoftMixedReality/Left/left_MicrosoftMixedRealityController.uexp" 352
"../../../Engine/Plugins/Runtime/OpenXR/Content/Devices/MicrosoftMixedReality/Right/right_MicrosoftMixedRealityController.uasset" 353
"../../../Engine/Plugins/Runtime/OpenXR/Content/Devices/MicrosoftMixedReality/Right/right_MicrosoftMixedRealityController.uexp" 354
"../../../Engine/Plugins/Runtime/OpenXR/Content/Devices/OculusGo/BaseTexture.uasset" 355
"../../../Engine/Plugins/Runtime/OpenXR/Content/Devices/OculusGo/BaseTexture.uexp" 356
"../../../Engine/Plugins/Runtime/OpenXR/Content/Devices/OculusGo/BaseTexture.ubulk" 357
"../../../Engine/Plugins/Runtime/OpenXR/Content/Devices/OculusGo/MI_OculusGo.uasset" 358
"../../../Engine/Plugins/Runtime/OpenXR/Content/Devices/OculusGo/MI_OculusGo.uexp" 359
"../../../Engine/Plugins/Runtime/OpenXR/Content/Devices/OculusGo/OculusGoController.uasset" 360
"../../../Engine/Plugins/Runtime/OpenXR/Content/Devices/OculusGo/OculusGoController.uexp" 361
"../../../Engine/Plugins/Runtime/OpenXR/Content/Devices/OculusTouch/MRTexture.uasset" 362
"../../../Engine/Plugins/Runtime/OpenXR/Content/Devices/OculusTouch/MRTexture.uexp" 363
"../../../Engine/Plugins/Runtime/OpenXR/Content/Devices/OculusTouch/MRTexture.ubulk" 364
"../../../Engine/Plugins/Runtime/OpenXR/Content/Devices/OculusTouch/BaseTexture.uasset" 365
"../../../Engine/Plugins/Runtime/OpenXR/Content/Devices/OculusTouch/BaseTexture.uexp" 366
"../../../Engine/Plugins/Runtime/OpenXR/Content/Devices/OculusTouch/BaseTexture.ubulk" 367
"../../../Engine/Plugins/Runtime/OpenXR/Content/Devices/OculusTouch/MI_OculusTouch.uasset" 368
"../../../Engine/Plugins/Runtime/OpenXR/Content/Devices/OculusTouch/MI_OculusTouch.uexp" 369
"../../../Engine/Plugins/Runtime/OpenXR/Content/Devices/OculusTouch/Left/left_OculusTouchController.uasset" 370
"../../../Engine/Plugins/Runtime/OpenXR/Content/Devices/OculusTouch/Left/left_OculusTouchController.uexp" 371
"../../../Engine/Plugins/Runtime/OpenXR/Content/Devices/OculusTouch/Right/right_OculusTouchController.uasset" 372
"../../../Engine/Plugins/Runtime/OpenXR/Content/Devices/OculusTouch/Right/right_OculusTouchController.uexp" 373
"../../../Engine/Plugins/Runtime/OpenXR/Content/Devices/OculusTouch_v2/MRTexture.uasset" 374
"../../../Engine/Plugins/Runtime/OpenXR/Content/Devices/OculusTouch_v2/MRTexture.uexp" 375
"../../../Engine/Plugins/Runtime/OpenXR/Content/Devices/OculusTouch_v2/MRTexture.ubulk" 376
"../../../Engine/Plugins/Runtime/OpenXR/Content/Devices/OculusTouch_v2/BaseTexture.uasset" 377
"../../../Engine/Plugins/Runtime/OpenXR/Content/Devices/OculusTouch_v2/BaseTexture.uexp" 378
"../../../Engine/Plugins/Runtime/OpenXR/Content/Devices/OculusTouch_v2/BaseTexture.ubulk" 379
"../../../Engine/Plugins/Runtime/OpenXR/Content/Devices/OculusTouch_v2/MI_OculusTouch_v2.uasset" 380
"../../../Engine/Plugins/Runtime/OpenXR/Content/Devices/OculusTouch_v2/MI_OculusTouch_v2.uexp" 381
"../../../Engine/Plugins/Runtime/OpenXR/Content/Devices/OculusTouch_v2/Left/left_OculusTouch_v2Controller.uasset" 382
"../../../Engine/Plugins/Runtime/OpenXR/Content/Devices/OculusTouch_v2/Left/left_OculusTouch_v2Controller.uexp" 383
"../../../Engine/Plugins/Runtime/OpenXR/Content/Devices/OculusTouch_v2/Right/right_OculusTouch_v2Controller.uasset" 384
"../../../Engine/Plugins/Runtime/OpenXR/Content/Devices/OculusTouch_v2/Right/right_OculusTouch_v2Controller.uexp" 385
"../../../Engine/Plugins/Runtime/OpenXR/Content/Devices/OculusTouch_v3/MRTexture.uasset" 386
"../../../Engine/Plugins/Runtime/OpenXR/Content/Devices/OculusTouch_v3/MRTexture.uexp" 387
"../../../Engine/Plugins/Runtime/OpenXR/Content/Devices/OculusTouch_v3/MRTexture.ubulk" 388
"../../../Engine/Plugins/Runtime/OpenXR/Content/Devices/OculusTouch_v3/BaseTexture.uasset" 389
"../../../Engine/Plugins/Runtime/OpenXR/Content/Devices/OculusTouch_v3/BaseTexture.uexp" 390
"../../../Engine/Plugins/Runtime/OpenXR/Content/Devices/OculusTouch_v3/BaseTexture.ubulk" 391
"../../../Engine/Plugins/Runtime/OpenXR/Content/Devices/OculusTouch_v3/MI_OculusTouch_v3.uasset" 392
"../../../Engine/Plugins/Runtime/OpenXR/Content/Devices/OculusTouch_v3/MI_OculusTouch_v3.uexp" 393
"../../../Engine/Plugins/Runtime/OpenXR/Content/Devices/OculusTouch_v3/Left/left_OculusTouch_v3Controller.uasset" 394
"../../../Engine/Plugins/Runtime/OpenXR/Content/Devices/OculusTouch_v3/Left/left_OculusTouch_v3Controller.uexp" 395
"../../../Engine/Plugins/Runtime/OpenXR/Content/Devices/OculusTouch_v3/Right/right_OculusTouch_v3Controller.uasset" 396
"../../../Engine/Plugins/Runtime/OpenXR/Content/Devices/OculusTouch_v3/Right/right_OculusTouch_v3Controller.uexp" 397
"../../../Engine/Plugins/Runtime/OpenXR/Content/Devices/ValveIndex/MRTexture.uasset" 398
"../../../Engine/Plugins/Runtime/OpenXR/Content/Devices/ValveIndex/MRTexture.uexp" 399
"../../../Engine/Plugins/Runtime/OpenXR/Content/Devices/ValveIndex/MRTexture.ubulk" 400
"../../../Engine/Plugins/Runtime/OpenXR/Content/Devices/ValveIndex/BaseTexture.uasset" 401
"../../../Engine/Plugins/Runtime/OpenXR/Content/Devices/ValveIndex/BaseTexture.uexp" 402
"../../../Engine/Plugins/Runtime/OpenXR/Content/Devices/ValveIndex/BaseTexture.ubulk" 403
"../../../Engine/Plugins/Runtime/OpenXR/Content/Devices/ValveIndex/Left/MI_left_ValveIndex.uasset" 404
"../../../Engine/Plugins/Runtime/OpenXR/Content/Devices/ValveIndex/Left/MI_left_ValveIndex.uexp" 405
"../../../Engine/Plugins/Runtime/OpenXR/Content/Devices/ValveIndex/Left/left_ValveIndexController.uasset" 406
"../../../Engine/Plugins/Runtime/OpenXR/Content/Devices/ValveIndex/Left/left_ValveIndexController.uexp" 407
"../../../Engine/Plugins/Runtime/OpenXR/Content/Devices/ValveIndex/Right/MI_right_ValveIndex.uasset" 408
"../../../Engine/Plugins/Runtime/OpenXR/Content/Devices/ValveIndex/Right/MI_right_ValveIndex.uexp" 409
"../../../Engine/Plugins/Runtime/OpenXR/Content/Devices/ValveIndex/Right/right_ValveIndexController.uasset" 410
"../../../Engine/Plugins/Runtime/OpenXR/Content/Devices/ValveIndex/Right/right_ValveIndexController.uexp" 411
"../../../Engine/Content/Functions/Engine_MaterialFunctions02/Utility/BreakOutFloat4Components.uasset" 412
"../../../Engine/Content/Functions/Engine_MaterialFunctions02/Utility/BreakOutFloat4Components.uexp" 413
"../../../Engine/Content/Functions/Engine_MaterialFunctions02/Utility/MakeFloat3.uasset" 414
"../../../Engine/Content/Functions/Engine_MaterialFunctions02/Utility/MakeFloat3.uexp" 415
"../../../Engine/Plugins/Runtime/Oculus/OculusVR/Content/Materials/OculusMR_ChromaKey.uasset" 416
"../../../Engine/Plugins/Runtime/Oculus/OculusVR/Content/Materials/OculusMR_ChromaKey.uexp" 417
"../../../Engine/Plugins/Runtime/Oculus/OculusVR/Content/Materials/OculusMR_OpaqueColoredMaterial.uasset" 418
"../../../Engine/Plugins/Runtime/Oculus/OculusVR/Content/Materials/OculusMR_OpaqueColoredMaterial.uexp" 419
"../../../Engine/Plugins/Runtime/Oculus/OculusVR/Content/Materials/PokeAHoleMaterial.uasset" 420
"../../../Engine/Plugins/Runtime/Oculus/OculusVR/Content/Materials/PokeAHoleMaterial.uexp" 421
"../../../Engine/Plugins/Runtime/Oculus/OculusVR/Content/Textures/touchController_controlmap.uasset" 422
"../../../Engine/Plugins/Runtime/Oculus/OculusVR/Content/Textures/touchController_controlmap.uexp" 423
"../../../Engine/Plugins/Runtime/Oculus/OculusVR/Content/Textures/touchController_controlmap.ubulk" 424
"../../../Engine/Plugins/Runtime/Oculus/OculusVR/Content/Textures/touchController_albedo.uasset" 425
"../../../Engine/Plugins/Runtime/Oculus/OculusVR/Content/Textures/touchController_albedo.uexp" 426
"../../../Engine/Plugins/Runtime/Oculus/OculusVR/Content/Textures/touchController_albedo.ubulk" 427
"../../../Engine/Plugins/Runtime/Oculus/OculusVR/Content/Materials/touchController_mat.uasset" 428
"../../../Engine/Plugins/Runtime/Oculus/OculusVR/Content/Materials/touchController_mat.uexp" 429
"../../../Engine/Plugins/Runtime/Oculus/OculusVR/Content/Meshes/LeftTouchController.uasset" 430
"../../../Engine/Plugins/Runtime/Oculus/OculusVR/Content/Meshes/LeftTouchController.uexp" 431
"../../../Engine/Plugins/Runtime/Oculus/OculusVR/Content/Textures/TouchForQuestRiftSController_albedo.uasset" 432
"../../../Engine/Plugins/Runtime/Oculus/OculusVR/Content/Textures/TouchForQuestRiftSController_albedo.uexp" 433
"../../../Engine/Plugins/Runtime/Oculus/OculusVR/Content/Textures/TouchForQuestRiftSController_albedo.ubulk" 434
"../../../Engine/Plugins/Runtime/Oculus/OculusVR/Content/Materials/TouchForQuestRiftSControllerMaterial.uasset" 435
"../../../Engine/Plugins/Runtime/Oculus/OculusVR/Content/Materials/TouchForQuestRiftSControllerMaterial.uexp" 436
"../../../Engine/Plugins/Runtime/Oculus/OculusVR/Content/Meshes/LeftTouchForQuestRiftSController.uasset" 437
"../../../Engine/Plugins/Runtime/Oculus/OculusVR/Content/Meshes/LeftTouchForQuestRiftSController.uexp" 438
"../../../Engine/Plugins/Runtime/Oculus/OculusVR/Content/Meshes/RiftHMD.uasset" 439
"../../../Engine/Plugins/Runtime/Oculus/OculusVR/Content/Meshes/RiftHMD.uexp" 440
"../../../Engine/Plugins/Runtime/Oculus/OculusVR/Content/Meshes/RightTouchController.uasset" 441
"../../../Engine/Plugins/Runtime/Oculus/OculusVR/Content/Meshes/RightTouchController.uexp" 442
"../../../Engine/Plugins/Runtime/Oculus/OculusVR/Content/Meshes/RightTouchForQuestRiftSController.uasset" 443
"../../../Engine/Plugins/Runtime/Oculus/OculusVR/Content/Meshes/RightTouchForQuestRiftSController.uexp" 444
"D:/Unreal Engine (Sasha)/Projects/Little_Wizard/Content/LittleWizard/Maps/Testable.uexp" 445
"D:/Unreal Engine (Sasha)/Projects/Little_Wizard/Content/LittleWizard/Maps/Testable.umap" 446
